SEND: <stream:stream to='dormforce.net' xmlns='jabber:client' xmlns:stream='http://etherx.jabber.org/streams' version='1.0' xml:lang='en'>
RECV: <stream:stream xmlns:stream="http://etherx.jabber.org/streams" from="dormforce.net" version="1.0" xml:lang="en" id="783a48d2" >
RECV: <stream:features xmlns:stream="http://etherx.jabber.org/streams"><mechanisms xmlns="urn:ietf:params:xml:ns:xmpp-sasl"><mechanism>PLAIN</mechanism><mechanism>CRAM-MD5</mechanism><mechanism>DIGEST-MD5</mechanism></mechanisms><compression xmlns="http://jabber.org/features/compress"><method>zlib</method></compression><auth xmlns="http://jabber.org/features/iq-auth" /></stream:features>
SEND: <auth xmlns="urn:ietf:params:xml:ns:xmpp-sasl" mechanism="DIGEST-MD5" />
RECV: <challenge xmlns="urn:ietf:params:xml:ns:xmpp-sasl">cmVhbG09ImRvcm1mb3JjZS5uZXQiLG5vbmNlPSJhUmVqZXdJa2VSRFJKc0QxeVlDaUtVejVJZVBCWTN1c1BIRkJ4WGdzIixxb3A9ImF1dGgiLGNoYXJzZXQ9InV0Zi04IixhbGdvcml0aG09Im1kNS1zZXNzIg==</challenge>
SEND: <response xmlns="urn:ietf:params:xml:ns:xmpp-sasl">dXNlcm5hbWU9InRlc3QiLHJlYWxtPSJkb3JtZm9yY2UubmV0Iixub25jZT0iYVJlamV3SWtlUkRSSnNEMXlZQ2lLVXo1SWVQQlkzdXNQSEZCeFhncyIsY25vbmNlPSIwYmQwZjBhYTE2MGJkMjM2NjljOGViYjhmNTBlNTg2ZDdlMDk4ZGM4YjJjZDMxZDYwOTA5MThmY2IwYmFmMDM4IixuYz0wMDAwMDAwMSxxb3A9YXV0aCxkaWdlc3QtdXJpPSJ4bXBwL2Rvcm1mb3JjZS5uZXQiLGNoYXJzZXQ9dXRmLTgscmVzcG9uc2U9ZjY3ZDY4YjkxMTUxNDkxNjE2ZGM5ODA5M2I1MmI5ODk=</response>
RECV: <success xmlns="urn:ietf:params:xml:ns:xmpp-sasl">cnNwYXV0aD01N2Q2Y2U0YzY3YjAxNzZhOTdkOGY2MmE5MDc4ZTU2Mg==</success>
SEND: <stream:stream to='dormforce.net' xmlns='jabber:client' xmlns:stream='http://etherx.jabber.org/streams' version='1.0' xml:lang='en'>
RECV: <stream:stream xmlns:stream="http://etherx.jabber.org/streams" from="dormforce.net" version="1.0" xml:lang="en" id="783a48d2" >
RECV: <stream:features xmlns:stream="http://etherx.jabber.org/streams"><compression xmlns="http://jabber.org/features/compress"><method>zlib</method></compression><bind xmlns="urn:ietf:params:xml:ns:xmpp-bind" /><session xmlns="urn:ietf:params:xml:ns:xmpp-session" /></stream:features>
SEND: <iq xmlns="jabber:client" id="agsXMPP_1" type="set" to="dormforce.net"><bind xmlns="urn:ietf:params:xml:ns:xmpp-bind"><resource>MiniClient</resource></bind></iq>
RECV: <iq xmlns="jabber:client" from="dormforce.net" to="dormforce.net/783a48d2" type="result" id="agsXMPP_1"><bind xmlns="urn:ietf:params:xml:ns:xmpp-bind"><jid>test@dormforce.net/MiniClient</jid></bind></iq>
SEND: <iq xmlns="jabber:client" id="agsXMPP_2" type="set" to="dormforce.net"><session xmlns="urn:ietf:params:xml:ns:xmpp-session" /></iq>
RECV: <iq xmlns="jabber:client" from="dormforce.net" to="test@dormforce.net/MiniClient" type="result" id="agsXMPP_2"><session xmlns="urn:ietf:params:xml:ns:xmpp-session" /></iq>
SEND: <iq xmlns="jabber:client" id="agsXMPP_5" type="get" to="dormforce.net"><query xmlns="http://jabber.org/protocol/disco#items" /></iq>
SEND: <iq xmlns="jabber:client" id="agsXMPP_3" type="get" to="dormforce.net"><query xmlns="jabber:iq:agents" /></iq>
SEND: <iq xmlns="jabber:client" id="agsXMPP_4" type="get"><query xmlns="jabber:iq:roster" /></iq>
RECV: <iq xmlns="jabber:client" from="dormforce.net" to="test@dormforce.net/MiniClient" type="error" id="agsXMPP_3"><query xmlns="jabber:iq:agents" /><error code="501" type="cancel"><feature-not-implemented xmlns="urn:ietf:params:xml:ns:xmpp-stanzas" /></error></iq>
RECV: <iq xmlns="jabber:client" to="test@dormforce.net/MiniClient" type="result" id="agsXMPP_4"><query xmlns="jabber:iq:roster"><item name="BlueF" jid="kill889@gmail.com" subscription="both"><group>好友</group></item><item name="小blue" jid="bluef@dormforce.net" subscription="both"><group>好友</group></item><item jid="sonic@dormforce.net" subscription="both" /></query></iq>
SEND: <presence xmlns="jabber:client"><status /><priority>10</priority></presence>
SEND: <presence xmlns="jabber:client"><status /><priority>10</priority></presence>
RECV: <iq xmlns="jabber:client" from="dormforce.net" to="test@dormforce.net/MiniClient" type="result" id="agsXMPP_5"><query xmlns="http://jabber.org/protocol/disco#items"><item name="Publish-Subscribe service" jid="pubsub.dormforce.net" /><item name="公共房间" jid="groups.dormforce.net" /><item name="Socks 5 Bytestreams Proxy" jid="proxy.dormforce.net" /><item name="User Search" jid="search.dormforce.net" /><item name="Broadcast service" jid="broadcast.dormforce.net" /></query></iq>
SEND: <iq xmlns="jabber:client" id="agsXMPP_6" type="get" to="pubsub.dormforce.net"><query xmlns="http://jabber.org/protocol/disco#info" /></iq>
SEND: <iq xmlns="jabber:client" id="agsXMPP_7" type="get" to="groups.dormforce.net"><query xmlns="http://jabber.org/protocol/disco#info" /></iq>
SEND: <iq xmlns="jabber:client" id="agsXMPP_8" type="get" to="proxy.dormforce.net"><query xmlns="http://jabber.org/protocol/disco#info" /></iq>
SEND: <iq xmlns="jabber:client" id="agsXMPP_9" type="get" to="search.dormforce.net"><query xmlns="http://jabber.org/protocol/disco#info" /></iq>
SEND: <iq xmlns="jabber:client" id="agsXMPP_10" type="get" to="broadcast.dormforce.net"><query xmlns="http://jabber.org/protocol/disco#info" /></iq>
RECV: <iq xmlns="jabber:client" from="pubsub.dormforce.net" to="test@dormforce.net/MiniClient" type="result" id="agsXMPP_6"><query xmlns="http://jabber.org/protocol/disco#info"><identity name="Publish-Subscribe service" category="pubsub" type="service" /><feature var="http://jabber.org/protocol/pubsub" /><feature var="http://jabber.org/protocol/pubsub#collections" /><feature var="http://jabber.org/protocol/pubsub#config-node" /><feature var="http://jabber.org/protocol/pubsub#create-and-configure" /><feature var="http://jabber.org/protocol/pubsub#create-nodes" /><feature var="http://jabber.org/protocol/pubsub#delete-nodes" /><feature var="http://jabber.org/protocol/pubsub#get-pending" /><feature var="http://jabber.org/protocol/pubsub#instant-nodes" /><feature var="http://jabber.org/protocol/pubsub#item-ids" /><feature var="http://jabber.org/protocol/pubsub#meta-data" /><feature var="http://jabber.org/protocol/pubsub#modify-affiliations" /><feature var="http://jabber.org/protocol/pubsub#manage-subscriptions" /><feature var="http://jabber.org/protocol/pubsub#multi-subscribe" /><feature var="http://jabber.org/protocol/pubsub#outcast-affiliation" /><feature var="http://jabber.org/protocol/pubsub#persistent-items" /><feature var="http://jabber.org/protocol/pubsub#presence-notifications" /><feature var="http://jabber.org/protocol/pubsub#publish" /><feature var="http://jabber.org/protocol/pubsub#publisher-affiliation" /><feature var="http://jabber.org/protocol/pubsub#purge-nodes" /><feature var="http://jabber.org/protocol/pubsub#retract-items" /><feature var="http://jabber.org/protocol/pubsub#retrieve-affiliations" /><feature var="http://jabber.org/protocol/pubsub#retrieve-default" /><feature var="http://jabber.org/protocol/pubsub#retrieve-items" /><feature var="http://jabber.org/protocol/pubsub#retrieve-subscriptions" /><feature var="http://jabber.org/protocol/pubsub#subscribe" /><feature var="http://jabber.org/protocol/pubsub#subscription-options" /><feature var="http://jabber.org/protocol/pubsub#default_access_model_open" /><feature var="http://jabber.org/protocol/disco#info" /></query></iq>
RECV: <iq xmlns="jabber:client" from="groups.dormforce.net" to="test@dormforce.net/MiniClient" type="result" id="agsXMPP_7"><query xmlns="http://jabber.org/protocol/disco#info"><identity name="Public Chatrooms" category="conference" type="text" /><identity name="Public Chatroom Search" category="directory" type="chatroom" /><feature var="http://jabber.org/protocol/muc" /><feature var="http://jabber.org/protocol/disco#info" /><feature var="http://jabber.org/protocol/disco#items" /><feature var="jabber:iq:search" /><feature var="http://jabber.org/protocol/rsm" /></query></iq>
RECV: <iq xmlns="jabber:client" from="proxy.dormforce.net" to="test@dormforce.net/MiniClient" type="result" id="agsXMPP_8"><query xmlns="http://jabber.org/protocol/disco#info"><identity name="SOCKS5 Bytestreams Service" category="proxy" type="bytestreams" /><feature var="http://jabber.org/protocol/bytestreams" /><feature var="http://jabber.org/protocol/disco#info" /></query></iq>
RECV: <iq xmlns="jabber:client" from="search.dormforce.net" to="test@dormforce.net/MiniClient" type="result" id="agsXMPP_9"><query xmlns="http://jabber.org/protocol/disco#info"><identity name="User Search" category="directory" type="user" /><feature var="jabber:iq:search" /><feature var="http://jabber.org/protocol/disco#info" /><feature var="http://jabber.org/protocol/rsm" /></query></iq>
RECV: <iq xmlns="jabber:client" from="broadcast.dormforce.net" to="test@dormforce.net/MiniClient" type="result" id="agsXMPP_10"><query xmlns="http://jabber.org/protocol/disco#info"><identity name="Broadcast service" category="component" type="generic" /><feature var="http://jabber.org/protocol/disco#info" /><feature var="http://jabber.org/protocol/disco#items" /></query></iq>
RECV: <presence xmlns="jabber:client" from="bluef@dormforce.net/NUT2" to="test@dormforce.net/MiniClient">
  
  <status>XMPP测试中,请勿给我发信息...</status>
  <priority>10</priority>
</presence>
RECV: <message xmlns="jabber:client" from="bluef@dormforce.net" to="test@dormforce.net/MiniClient" id="bluef@dormforce.net__test@dormforce.net__340d9"><event xmlns="http://jabber.org/protocol/pubsub#event"><item node="http://jabber.org/protocol/tune"><item id="current"><tune xmlns="http://jabber.org/protocol/tune">
<title>Lenka - Like A Song</title>
<length>202</length>
</tune></item></item></event><x xmlns="jabber:x:delay" stamp="2008-10-10T04:41:24.061Z" /><addresses xmlns="http://jabber.org/protocol/address"><address type="replyto" jid="bluef@dormforce.net/BlueF-PC" /></addresses></message>
RECV: <message xmlns="jabber:client" from="sonic@dormforce.net" to="test@dormforce.net/MiniClient" id="sonic@dormforce.net__test@dormforce.net__cIIQx"><event xmlns="http://jabber.org/protocol/pubsub#event"><item node="http://jabber.org/protocol/tune"><item id="8vc7152nizSt0cR"><tune xmlns="http://jabber.org/protocol/tune" /></item></item></event><x xmlns="jabber:x:delay" stamp="2008-11-01T20:04:02.954Z" /><addresses xmlns="http://jabber.org/protocol/address"><address type="replyto" jid="sonic@dormforce.net/Home" /></addresses></message>
RECV: <presence xmlns="jabber:client" from="kill889@gmail.com/Talk.v104C152CA68" to="test@dormforce.net/MiniClient"><priority>24</priority><c xmlns="http://jabber.org/protocol/caps" ext="share-v1 voice-v1" ver="1.0.0.104" node="http://www.google.com/xmpp/client/caps" /><x xmlns="jabber:x:delay" stamp="20081102T04:56:13" /><status /><show>dnd</show><x xmlns="vcard-temp:x:update"><photo>03d99c4d7d9b94a6f97dfba54d9fd05c8f098d88</photo></x></presence>
RECV: <message xmlns="jabber:client" from="bluef@dormforce.net/NUT2" to="test@dormforce.net" type="chat">
  <body>o</body>
</message>
SEND:  
SEND:  
SEND:  
RECV: <presence xmlns="jabber:client" from="bluef@dormforce.net/NUT2" to="test@dormforce.net/NetUnion Talk" type="unavailable" />
RECV: <presence xmlns="jabber:client" from="bluef@dormforce.net/NUT2" to="test@dormforce.net/NetUnion Talk" />
RECV: <presence xmlns="jabber:client" from="bluef@dormforce.net/NUT2" to="test@dormforce.net/NetUnion Talk">
  
  <status>XMPP测试中,请勿给我发信息...</status>
  <priority>10</priority>
</presence>
SEND:  
SEND: </stream:stream>
RECV: </stream:stream>
SEND: <stream:stream to='dormforce.net' xmlns='jabber:client' xmlns:stream='http://etherx.jabber.org/streams' version='1.0' xml:lang='en'>
RECV: <stream:stream xmlns:stream="http://etherx.jabber.org/streams" from="dormforce.net" version="1.0" xml:lang="en" id="bd0dbabb" >
RECV: <stream:features xmlns:stream="http://etherx.jabber.org/streams"><mechanisms xmlns="urn:ietf:params:xml:ns:xmpp-sasl"><mechanism>PLAIN</mechanism><mechanism>CRAM-MD5</mechanism><mechanism>DIGEST-MD5</mechanism></mechanisms><compression xmlns="http://jabber.org/features/compress"><method>zlib</method></compression><auth xmlns="http://jabber.org/features/iq-auth" /></stream:features>
SEND: <auth xmlns="urn:ietf:params:xml:ns:xmpp-sasl" mechanism="DIGEST-MD5" />
RECV: <challenge xmlns="urn:ietf:params:xml:ns:xmpp-sasl">cmVhbG09ImRvcm1mb3JjZS5uZXQiLG5vbmNlPSJoUmF3THJJSlYzSzBVL1FlQjQ1V1YzOUhkS1Z0WXhWVmVXcytpdlFtIixxb3A9ImF1dGgiLGNoYXJzZXQ9InV0Zi04IixhbGdvcml0aG09Im1kNS1zZXNzIg==</challenge>
SEND: <response xmlns="urn:ietf:params:xml:ns:xmpp-sasl">dXNlcm5hbWU9InRlc3QiLHJlYWxtPSJkb3JtZm9yY2UubmV0Iixub25jZT0iaFJhd0xySUpWM0swVS9RZUI0NVdWMzlIZEtWdFl4VlZlV3MraXZRbSIsY25vbmNlPSI4OThlMDAyM2VjYzVkOTY0YjJkNGE1ZWFjNWVhNWE3NTEyZTk1ZTQ0NzllNjQ2NWU1ZTUyNDM3OGI5YzZiODkxIixuYz0wMDAwMDAwMSxxb3A9YXV0aCxkaWdlc3QtdXJpPSJ4bXBwL2Rvcm1mb3JjZS5uZXQiLGNoYXJzZXQ9dXRmLTgscmVzcG9uc2U9NjNlOWE3YzM3ZGE3MTZjMmUwM2U1ZDZhNTk1ZTIwZmY=</response>
RECV: <success xmlns="urn:ietf:params:xml:ns:xmpp-sasl">cnNwYXV0aD1jYzdjN2U3NTMzZjkyYzEyODcxMTU1OGM5NjA3ZWViYg==</success>
SEND: <stream:stream to='dormforce.net' xmlns='jabber:client' xmlns:stream='http://etherx.jabber.org/streams' version='1.0' xml:lang='en'>
RECV: <stream:stream xmlns:stream="http://etherx.jabber.org/streams" from="dormforce.net" version="1.0" xml:lang="en" id="bd0dbabb" >
RECV: <stream:features xmlns:stream="http://etherx.jabber.org/streams"><compression xmlns="http://jabber.org/features/compress"><method>zlib</method></compression><bind xmlns="urn:ietf:params:xml:ns:xmpp-bind" /><session xmlns="urn:ietf:params:xml:ns:xmpp-session" /></stream:features>
SEND: <iq xmlns="jabber:client" id="agsXMPP_11" type="set" to="dormforce.net"><bind xmlns="urn:ietf:params:xml:ns:xmpp-bind"><resource>MiniClient</resource></bind></iq>
RECV: <iq xmlns="jabber:client" from="dormforce.net" to="dormforce.net/bd0dbabb" type="result" id="agsXMPP_11"><bind xmlns="urn:ietf:params:xml:ns:xmpp-bind"><jid>test@dormforce.net/MiniClient</jid></bind></iq>
SEND: <iq xmlns="jabber:client" id="agsXMPP_12" type="set" to="dormforce.net"><session xmlns="urn:ietf:params:xml:ns:xmpp-session" /></iq>
RECV: <iq xmlns="jabber:client" from="dormforce.net" to="test@dormforce.net/MiniClient" type="result" id="agsXMPP_12"><session xmlns="urn:ietf:params:xml:ns:xmpp-session" /></iq>
SEND: <iq xmlns="jabber:client" id="agsXMPP_15" type="get" to="dormforce.net"><query xmlns="http://jabber.org/protocol/disco#items" /></iq>
SEND: <iq xmlns="jabber:client" id="agsXMPP_13" type="get" to="dormforce.net"><query xmlns="jabber:iq:agents" /></iq>
SEND: <iq xmlns="jabber:client" id="agsXMPP_14" type="get"><query xmlns="jabber:iq:roster" /></iq>
RECV: <iq xmlns="jabber:client" from="dormforce.net" to="test@dormforce.net/MiniClient" type="error" id="agsXMPP_13"><query xmlns="jabber:iq:agents" /><error code="501" type="cancel"><feature-not-implemented xmlns="urn:ietf:params:xml:ns:xmpp-stanzas" /></error></iq>
RECV: <iq xmlns="jabber:client" to="test@dormforce.net/MiniClient" type="result" id="agsXMPP_14"><query xmlns="jabber:iq:roster"><item name="BlueF" jid="kill889@gmail.com" subscription="both"><group>好友</group></item><item name="小blue" jid="bluef@dormforce.net" subscription="both"><group>好友</group></item><item jid="sonic@dormforce.net" subscription="both" /></query></iq>
SEND: <presence xmlns="jabber:client"><status /><priority>10</priority></presence>
SEND: <presence xmlns="jabber:client"><status /><priority>10</priority></presence>
RECV: <iq xmlns="jabber:client" from="dormforce.net" to="test@dormforce.net/MiniClient" type="result" id="agsXMPP_15"><query xmlns="http://jabber.org/protocol/disco#items"><item name="Publish-Subscribe service" jid="pubsub.dormforce.net" /><item name="公共房间" jid="groups.dormforce.net" /><item name="Socks 5 Bytestreams Proxy" jid="proxy.dormforce.net" /><item name="User Search" jid="search.dormforce.net" /><item name="Broadcast service" jid="broadcast.dormforce.net" /></query></iq>
SEND: <iq xmlns="jabber:client" id="agsXMPP_16" type="get" to="pubsub.dormforce.net"><query xmlns="http://jabber.org/protocol/disco#info" /></iq>
SEND: <iq xmlns="jabber:client" id="agsXMPP_17" type="get" to="groups.dormforce.net"><query xmlns="http://jabber.org/protocol/disco#info" /></iq>
SEND: <iq xmlns="jabber:client" id="agsXMPP_18" type="get" to="proxy.dormforce.net"><query xmlns="http://jabber.org/protocol/disco#info" /></iq>
SEND: <iq xmlns="jabber:client" id="agsXMPP_19" type="get" to="search.dormforce.net"><query xmlns="http://jabber.org/protocol/disco#info" /></iq>
SEND: <iq xmlns="jabber:client" id="agsXMPP_20" type="get" to="broadcast.dormforce.net"><query xmlns="http://jabber.org/protocol/disco#info" /></iq>
RECV: <iq xmlns="jabber:client" from="pubsub.dormforce.net" to="test@dormforce.net/MiniClient" type="result" id="agsXMPP_16"><query xmlns="http://jabber.org/protocol/disco#info"><identity name="Publish-Subscribe service" category="pubsub" type="service" /><feature var="http://jabber.org/protocol/pubsub" /><feature var="http://jabber.org/protocol/pubsub#collections" /><feature var="http://jabber.org/protocol/pubsub#config-node" /><feature var="http://jabber.org/protocol/pubsub#create-and-configure" /><feature var="http://jabber.org/protocol/pubsub#create-nodes" /><feature var="http://jabber.org/protocol/pubsub#delete-nodes" /><feature var="http://jabber.org/protocol/pubsub#get-pending" /><feature var="http://jabber.org/protocol/pubsub#instant-nodes" /><feature var="http://jabber.org/protocol/pubsub#item-ids" /><feature var="http://jabber.org/protocol/pubsub#meta-data" /><feature var="http://jabber.org/protocol/pubsub#modify-affiliations" /><feature var="http://jabber.org/protocol/pubsub#manage-subscriptions" /><feature var="http://jabber.org/protocol/pubsub#multi-subscribe" /><feature var="http://jabber.org/protocol/pubsub#outcast-affiliation" /><feature var="http://jabber.org/protocol/pubsub#persistent-items" /><feature var="http://jabber.org/protocol/pubsub#presence-notifications" /><feature var="http://jabber.org/protocol/pubsub#publish" /><feature var="http://jabber.org/protocol/pubsub#publisher-affiliation" /><feature var="http://jabber.org/protocol/pubsub#purge-nodes" /><feature var="http://jabber.org/protocol/pubsub#retract-items" /><feature var="http://jabber.org/protocol/pubsub#retrieve-affiliations" /><feature var="http://jabber.org/protocol/pubsub#retrieve-default" /><feature var="http://jabber.org/protocol/pubsub#retrieve-items" /><feature var="http://jabber.org/protocol/pubsub#retrieve-subscriptions" /><feature var="http://jabber.org/protocol/pubsub#subscribe" /><feature var="http://jabber.org/protocol/pubsub#subscription-options" /><feature var="http://jabber.org/protocol/pubsub#default_access_model_open" /><feature var="http://jabber.org/protocol/disco#info" /></query></iq>
RECV: <iq xmlns="jabber:client" from="groups.dormforce.net" to="test@dormforce.net/MiniClient" type="result" id="agsXMPP_17"><query xmlns="http://jabber.org/protocol/disco#info"><identity name="Public Chatrooms" category="conference" type="text" /><identity name="Public Chatroom Search" category="directory" type="chatroom" /><feature var="http://jabber.org/protocol/muc" /><feature var="http://jabber.org/protocol/disco#info" /><feature var="http://jabber.org/protocol/disco#items" /><feature var="jabber:iq:search" /><feature var="http://jabber.org/protocol/rsm" /></query></iq>
RECV: <iq xmlns="jabber:client" from="proxy.dormforce.net" to="test@dormforce.net/MiniClient" type="result" id="agsXMPP_18"><query xmlns="http://jabber.org/protocol/disco#info"><identity name="SOCKS5 Bytestreams Service" category="proxy" type="bytestreams" /><feature var="http://jabber.org/protocol/bytestreams" /><feature var="http://jabber.org/protocol/disco#info" /></query></iq>
RECV: <iq xmlns="jabber:client" from="search.dormforce.net" to="test@dormforce.net/MiniClient" type="result" id="agsXMPP_19"><query xmlns="http://jabber.org/protocol/disco#info"><identity name="User Search" category="directory" type="user" /><feature var="jabber:iq:search" /><feature var="http://jabber.org/protocol/disco#info" /><feature var="http://jabber.org/protocol/rsm" /></query></iq>
RECV: <iq xmlns="jabber:client" from="broadcast.dormforce.net" to="test@dormforce.net/MiniClient" type="result" id="agsXMPP_20"><query xmlns="http://jabber.org/protocol/disco#info"><identity name="Broadcast service" category="component" type="generic" /><feature var="http://jabber.org/protocol/disco#info" /><feature var="http://jabber.org/protocol/disco#items" /></query></iq>
RECV: <presence xmlns="jabber:client" from="bluef@dormforce.net/NUT2" to="test@dormforce.net/MiniClient">
  
  <status>XMPP测试中,请勿给我发信息...</status>
  <priority>10</priority>
</presence>
RECV: <message xmlns="jabber:client" from="bluef@dormforce.net" to="test@dormforce.net/MiniClient" id="bluef@dormforce.net__test@dormforce.net__ieL8B"><event xmlns="http://jabber.org/protocol/pubsub#event"><item node="http://jabber.org/protocol/tune"><item id="current"><tune xmlns="http://jabber.org/protocol/tune">
<title>Lenka - Like A Song</title>
<length>202</length>
</tune></item></item></event><x xmlns="jabber:x:delay" stamp="2008-10-10T04:41:24.061Z" /><addresses xmlns="http://jabber.org/protocol/address"><address type="replyto" jid="bluef@dormforce.net/BlueF-PC" /></addresses></message>
RECV: <message xmlns="jabber:client" from="sonic@dormforce.net" to="test@dormforce.net/MiniClient" id="sonic@dormforce.net__test@dormforce.net__tOUfa"><event xmlns="http://jabber.org/protocol/pubsub#event"><item node="http://jabber.org/protocol/tune"><item id="8vc7152nizSt0cR"><tune xmlns="http://jabber.org/protocol/tune" /></item></item></event><x xmlns="jabber:x:delay" stamp="2008-11-01T20:04:02.954Z" /><addresses xmlns="http://jabber.org/protocol/address"><address type="replyto" jid="sonic@dormforce.net/Home" /></addresses></message>
RECV: <presence xmlns="jabber:client" from="kill889@gmail.com/Talk.v104C152CA68" to="test@dormforce.net/MiniClient"><priority>24</priority><c xmlns="http://jabber.org/protocol/caps" ext="share-v1 voice-v1" ver="1.0.0.104" node="http://www.google.com/xmpp/client/caps" /><x xmlns="jabber:x:delay" stamp="20081102T04:56:13" /><status /><show>dnd</show><x xmlns="vcard-temp:x:update"><photo>03d99c4d7d9b94a6f97dfba54d9fd05c8f098d88</photo></x></presence>
SEND:  
RECV: <presence xmlns="jabber:client" from="bluef@dormforce.net/NUT2" to="test@dormforce.net/NetUnion Talk" type="unavailable" />
SEND:  
SEND:  
SEND:  
SEND:  
RECV: <presence xmlns="jabber:client" from="bluef@dormforce.net/NUT2" to="test@dormforce.net/NetUnion Talk" />
RECV: <presence xmlns="jabber:client" from="bluef@dormforce.net/NUT2" to="test@dormforce.net/NetUnion Talk">
  
  <status>XMPP测试中,请勿给我发信息...</status>
  <priority>10</priority>
</presence>
SEND: </stream:stream>
RECV: </stream:stream>
SEND: <stream:stream to='dormforce.net' xmlns='jabber:client' xmlns:stream='http://etherx.jabber.org/streams' version='1.0' xml:lang='en'>
RECV: <stream:stream xmlns:stream="http://etherx.jabber.org/streams" from="dormforce.net" version="1.0" xml:lang="en" id="c255ef19" >
RECV: <stream:features xmlns:stream="http://etherx.jabber.org/streams"><mechanisms xmlns="urn:ietf:params:xml:ns:xmpp-sasl"><mechanism>PLAIN</mechanism><mechanism>CRAM-MD5</mechanism><mechanism>DIGEST-MD5</mechanism></mechanisms><compression xmlns="http://jabber.org/features/compress"><method>zlib</method></compression><auth xmlns="http://jabber.org/features/iq-auth" /></stream:features>
SEND: <auth xmlns="urn:ietf:params:xml:ns:xmpp-sasl" mechanism="DIGEST-MD5" />
RECV: <challenge xmlns="urn:ietf:params:xml:ns:xmpp-sasl">cmVhbG09ImRvcm1mb3JjZS5uZXQiLG5vbmNlPSJaN3lnSHczVm1sWHNVR0I2Zk1mWngzR3Z0ZjVSVituNnUxdEtPVDFBIixxb3A9ImF1dGgiLGNoYXJzZXQ9InV0Zi04IixhbGdvcml0aG09Im1kNS1zZXNzIg==</challenge>
SEND: <response xmlns="urn:ietf:params:xml:ns:xmpp-sasl">dXNlcm5hbWU9InRlc3QiLHJlYWxtPSJkb3JtZm9yY2UubmV0Iixub25jZT0iWjd5Z0h3M1ZtbFhzVUdCNmZNZlp4M0d2dGY1UlYrbjZ1MXRLT1QxQSIsY25vbmNlPSI2Njk2ZGM4NzA2NzQzMmU4ODQzYTQ2NGQ0YzJhNmI4OTljYWI0NThiZmM0ZjQ2MGIyYjkyMWU3NGEwZGE3ZmE0IixuYz0wMDAwMDAwMSxxb3A9YXV0aCxkaWdlc3QtdXJpPSJ4bXBwL2Rvcm1mb3JjZS5uZXQiLGNoYXJzZXQ9dXRmLTgscmVzcG9uc2U9OWYxODJkMzM1YTA4MWViNzg5OGI1NzRiYTdmNTg2YmU=</response>
RECV: <success xmlns="urn:ietf:params:xml:ns:xmpp-sasl">cnNwYXV0aD0yN2Y1NzA1NTQ5ZmNmMGY0MjFiMjMxOGE0NTk0MjNhMA==</success>
SEND: <stream:stream to='dormforce.net' xmlns='jabber:client' xmlns:stream='http://etherx.jabber.org/streams' version='1.0' xml:lang='en'>
RECV: <stream:stream xmlns:stream="http://etherx.jabber.org/streams" from="dormforce.net" version="1.0" xml:lang="en" id="c255ef19" >
RECV: <stream:features xmlns:stream="http://etherx.jabber.org/streams"><compression xmlns="http://jabber.org/features/compress"><method>zlib</method></compression><bind xmlns="urn:ietf:params:xml:ns:xmpp-bind" /><session xmlns="urn:ietf:params:xml:ns:xmpp-session" /></stream:features>
SEND: <iq xmlns="jabber:client" id="agsXMPP_21" type="set" to="dormforce.net"><bind xmlns="urn:ietf:params:xml:ns:xmpp-bind"><resource>MiniClient</resource></bind></iq>
RECV: <iq xmlns="jabber:client" from="dormforce.net" to="dormforce.net/c255ef19" type="result" id="agsXMPP_21"><bind xmlns="urn:ietf:params:xml:ns:xmpp-bind"><jid>test@dormforce.net/MiniClient</jid></bind></iq>
SEND: <iq xmlns="jabber:client" id="agsXMPP_22" type="set" to="dormforce.net"><session xmlns="urn:ietf:params:xml:ns:xmpp-session" /></iq>
RECV: <iq xmlns="jabber:client" from="dormforce.net" to="test@dormforce.net/MiniClient" type="result" id="agsXMPP_22"><session xmlns="urn:ietf:params:xml:ns:xmpp-session" /></iq>
SEND: <iq xmlns="jabber:client" id="agsXMPP_25" type="get" to="dormforce.net"><query xmlns="http://jabber.org/protocol/disco#items" /></iq>
SEND: <iq xmlns="jabber:client" id="agsXMPP_23" type="get" to="dormforce.net"><query xmlns="jabber:iq:agents" /></iq>
SEND: <iq xmlns="jabber:client" id="agsXMPP_24" type="get"><query xmlns="jabber:iq:roster" /></iq>
RECV: <iq xmlns="jabber:client" from="dormforce.net" to="test@dormforce.net/MiniClient" type="error" id="agsXMPP_23"><query xmlns="jabber:iq:agents" /><error code="501" type="cancel"><feature-not-implemented xmlns="urn:ietf:params:xml:ns:xmpp-stanzas" /></error></iq>
RECV: <iq xmlns="jabber:client" to="test@dormforce.net/MiniClient" type="result" id="agsXMPP_24"><query xmlns="jabber:iq:roster"><item name="BlueF" jid="kill889@gmail.com" subscription="both"><group>好友</group></item><item name="小blue" jid="bluef@dormforce.net" subscription="both"><group>好友</group></item><item jid="sonic@dormforce.net" subscription="both" /></query></iq>
SEND: <presence xmlns="jabber:client"><status /><priority>10</priority></presence>
SEND: <presence xmlns="jabber:client"><status /><priority>10</priority></presence>
RECV: <iq xmlns="jabber:client" from="dormforce.net" to="test@dormforce.net/MiniClient" type="result" id="agsXMPP_25"><query xmlns="http://jabber.org/protocol/disco#items"><item name="Publish-Subscribe service" jid="pubsub.dormforce.net" /><item name="公共房间" jid="groups.dormforce.net" /><item name="Socks 5 Bytestreams Proxy" jid="proxy.dormforce.net" /><item name="User Search" jid="search.dormforce.net" /><item name="Broadcast service" jid="broadcast.dormforce.net" /></query></iq>
SEND: <iq xmlns="jabber:client" id="agsXMPP_26" type="get" to="pubsub.dormforce.net"><query xmlns="http://jabber.org/protocol/disco#info" /></iq>
SEND: <iq xmlns="jabber:client" id="agsXMPP_27" type="get" to="groups.dormforce.net"><query xmlns="http://jabber.org/protocol/disco#info" /></iq>
SEND: <iq xmlns="jabber:client" id="agsXMPP_28" type="get" to="proxy.dormforce.net"><query xmlns="http://jabber.org/protocol/disco#info" /></iq>
SEND: <iq xmlns="jabber:client" id="agsXMPP_29" type="get" to="search.dormforce.net"><query xmlns="http://jabber.org/protocol/disco#info" /></iq>
SEND: <iq xmlns="jabber:client" id="agsXMPP_30" type="get" to="broadcast.dormforce.net"><query xmlns="http://jabber.org/protocol/disco#info" /></iq>
RECV: <iq xmlns="jabber:client" from="pubsub.dormforce.net" to="test@dormforce.net/MiniClient" type="result" id="agsXMPP_26"><query xmlns="http://jabber.org/protocol/disco#info"><identity name="Publish-Subscribe service" category="pubsub" type="service" /><feature var="http://jabber.org/protocol/pubsub" /><feature var="http://jabber.org/protocol/pubsub#collections" /><feature var="http://jabber.org/protocol/pubsub#config-node" /><feature var="http://jabber.org/protocol/pubsub#create-and-configure" /><feature var="http://jabber.org/protocol/pubsub#create-nodes" /><feature var="http://jabber.org/protocol/pubsub#delete-nodes" /><feature var="http://jabber.org/protocol/pubsub#get-pending" /><feature var="http://jabber.org/protocol/pubsub#instant-nodes" /><feature var="http://jabber.org/protocol/pubsub#item-ids" /><feature var="http://jabber.org/protocol/pubsub#meta-data" /><feature var="http://jabber.org/protocol/pubsub#modify-affiliations" /><feature var="http://jabber.org/protocol/pubsub#manage-subscriptions" /><feature var="http://jabber.org/protocol/pubsub#multi-subscribe" /><feature var="http://jabber.org/protocol/pubsub#outcast-affiliation" /><feature var="http://jabber.org/protocol/pubsub#persistent-items" /><feature var="http://jabber.org/protocol/pubsub#presence-notifications" /><feature var="http://jabber.org/protocol/pubsub#publish" /><feature var="http://jabber.org/protocol/pubsub#publisher-affiliation" /><feature var="http://jabber.org/protocol/pubsub#purge-nodes" /><feature var="http://jabber.org/protocol/pubsub#retract-items" /><feature var="http://jabber.org/protocol/pubsub#retrieve-affiliations" /><feature var="http://jabber.org/protocol/pubsub#retrieve-default" /><feature var="http://jabber.org/protocol/pubsub#retrieve-items" /><feature var="http://jabber.org/protocol/pubsub#retrieve-subscriptions" /><feature var="http://jabber.org/protocol/pubsub#subscribe" /><feature var="http://jabber.org/protocol/pubsub#subscription-options" /><feature var="http://jabber.org/protocol/pubsub#default_access_model_open" /><feature var="http://jabber.org/protocol/disco#info" /></query></iq>
RECV: <iq xmlns="jabber:client" from="groups.dormforce.net" to="test@dormforce.net/MiniClient" type="result" id="agsXMPP_27"><query xmlns="http://jabber.org/protocol/disco#info"><identity name="Public Chatrooms" category="conference" type="text" /><identity name="Public Chatroom Search" category="directory" type="chatroom" /><feature var="http://jabber.org/protocol/muc" /><feature var="http://jabber.org/protocol/disco#info" /><feature var="http://jabber.org/protocol/disco#items" /><feature var="jabber:iq:search" /><feature var="http://jabber.org/protocol/rsm" /></query></iq>
RECV: <iq xmlns="jabber:client" from="proxy.dormforce.net" to="test@dormforce.net/MiniClient" type="result" id="agsXMPP_28"><query xmlns="http://jabber.org/protocol/disco#info"><identity name="SOCKS5 Bytestreams Service" category="proxy" type="bytestreams" /><feature var="http://jabber.org/protocol/bytestreams" /><feature var="http://jabber.org/protocol/disco#info" /></query></iq>
RECV: <iq xmlns="jabber:client" from="search.dormforce.net" to="test@dormforce.net/MiniClient" type="result" id="agsXMPP_29"><query xmlns="http://jabber.org/protocol/disco#info"><identity name="User Search" category="directory" type="user" /><feature var="jabber:iq:search" /><feature var="http://jabber.org/protocol/disco#info" /><feature var="http://jabber.org/protocol/rsm" /></query></iq>
RECV: <iq xmlns="jabber:client" from="broadcast.dormforce.net" to="test@dormforce.net/MiniClient" type="result" id="agsXMPP_30"><query xmlns="http://jabber.org/protocol/disco#info"><identity name="Broadcast service" category="component" type="generic" /><feature var="http://jabber.org/protocol/disco#info" /><feature var="http://jabber.org/protocol/disco#items" /></query></iq>
RECV: <message xmlns="jabber:client" from="bluef@dormforce.net" to="test@dormforce.net/MiniClient" id="bluef@dormforce.net__test@dormforce.net__Ognpu"><event xmlns="http://jabber.org/protocol/pubsub#event"><item node="http://jabber.org/protocol/tune"><item id="current"><tune xmlns="http://jabber.org/protocol/tune">
<title>Lenka - Like A Song</title>
<length>202</length>
</tune></item></item></event><x xmlns="jabber:x:delay" stamp="2008-10-10T04:41:24.061Z" /><addresses xmlns="http://jabber.org/protocol/address"><address type="replyto" jid="bluef@dormforce.net/BlueF-PC" /></addresses></message>
RECV: <message xmlns="jabber:client" from="sonic@dormforce.net" to="test@dormforce.net/MiniClient" id="sonic@dormforce.net__test@dormforce.net__89Vpr"><event xmlns="http://jabber.org/protocol/pubsub#event"><item node="http://jabber.org/protocol/tune"><item id="8vc7152nizSt0cR"><tune xmlns="http://jabber.org/protocol/tune" /></item></item></event><x xmlns="jabber:x:delay" stamp="2008-11-01T20:04:02.954Z" /><addresses xmlns="http://jabber.org/protocol/address"><address type="replyto" jid="sonic@dormforce.net/Home" /></addresses></message>
RECV: <presence xmlns="jabber:client" from="bluef@dormforce.net/NUT2" to="test@dormforce.net/MiniClient">
  
  <status>XMPP测试中,请勿给我发信息...</status>
  <priority>10</priority>
</presence>
RECV: <presence xmlns="jabber:client" from="kill889@gmail.com/Talk.v104C152CA68" to="test@dormforce.net/MiniClient"><priority>24</priority><c xmlns="http://jabber.org/protocol/caps" ext="share-v1 voice-v1" ver="1.0.0.104" node="http://www.google.com/xmpp/client/caps" /><x xmlns="jabber:x:delay" stamp="20081102T04:56:13" /><status /><show>dnd</show><x xmlns="vcard-temp:x:update"><photo>03d99c4d7d9b94a6f97dfba54d9fd05c8f098d88</photo></x></presence>
RECV: <presence xmlns="jabber:client" from="bluef@dormforce.net/NUT2" to="test@dormforce.net/NetUnion Talk" type="unavailable" />
SEND:  
SEND:  
RECV: <presence xmlns="jabber:client" from="bluef@dormforce.net/NUT2" to="test@dormforce.net/NetUnion Talk" />
RECV: <presence xmlns="jabber:client" from="bluef@dormforce.net/NUT2" to="test@dormforce.net/NetUnion Talk">
  
  <status>XMPP测试中,请勿给我发信息...</status>
  <priority>10</priority>
</presence>
SEND: </stream:stream>
RECV: </stream:stream>
SEND: <stream:stream to='dormforce.net' xmlns='jabber:client' xmlns:stream='http://etherx.jabber.org/streams' version='1.0' xml:lang='en'>
RECV: <stream:stream xmlns:stream="http://etherx.jabber.org/streams" from="dormforce.net" version="1.0" xml:lang="en" id="3fe942cf" >
RECV: <stream:features xmlns:stream="http://etherx.jabber.org/streams"><mechanisms xmlns="urn:ietf:params:xml:ns:xmpp-sasl"><mechanism>PLAIN</mechanism><mechanism>CRAM-MD5</mechanism><mechanism>DIGEST-MD5</mechanism></mechanisms><compression xmlns="http://jabber.org/features/compress"><method>zlib</method></compression><auth xmlns="http://jabber.org/features/iq-auth" /></stream:features>
SEND: <auth xmlns="urn:ietf:params:xml:ns:xmpp-sasl" mechanism="DIGEST-MD5" />
RECV: <challenge xmlns="urn:ietf:params:xml:ns:xmpp-sasl">cmVhbG09ImRvcm1mb3JjZS5uZXQiLG5vbmNlPSJUcWprSUREeGVtMlVaU3JYQnVqdVZkZzNtNXFkU1hERGp4Y21VS0VKIixxb3A9ImF1dGgiLGNoYXJzZXQ9InV0Zi04IixhbGdvcml0aG09Im1kNS1zZXNzIg==</challenge>
SEND: <response xmlns="urn:ietf:params:xml:ns:xmpp-sasl">dXNlcm5hbWU9InRlc3QiLHJlYWxtPSJkb3JtZm9yY2UubmV0Iixub25jZT0iVHFqa0lERHhlbTJVWlNyWEJ1anVWZGczbTVxZFNYRERqeGNtVUtFSiIsY25vbmNlPSJlNjBkOGFmY2VhZjhhNzk2MTE0MmFiNGQzYzUyMjRiYmRlOGIxM2RjNzAzOTkyMzA5YWE1ODYyOTExNzZjMzdmIixuYz0wMDAwMDAwMSxxb3A9YXV0aCxkaWdlc3QtdXJpPSJ4bXBwL2Rvcm1mb3JjZS5uZXQiLGNoYXJzZXQ9dXRmLTgscmVzcG9uc2U9MmE2MTkwZDkxYzgzMjkxZjIyMWIzNDc4YzVmOTJhZDE=</response>
RECV: <success xmlns="urn:ietf:params:xml:ns:xmpp-sasl">cnNwYXV0aD0zNDhhZWRhYjgzNDg3N2ZkMTgyOGY5MGE0MTAxZjYxZQ==</success>
SEND: <stream:stream to='dormforce.net' xmlns='jabber:client' xmlns:stream='http://etherx.jabber.org/streams' version='1.0' xml:lang='en'>
RECV: <stream:stream xmlns:stream="http://etherx.jabber.org/streams" from="dormforce.net" version="1.0" xml:lang="en" id="3fe942cf" >
RECV: <stream:features xmlns:stream="http://etherx.jabber.org/streams"><compression xmlns="http://jabber.org/features/compress"><method>zlib</method></compression><bind xmlns="urn:ietf:params:xml:ns:xmpp-bind" /><session xmlns="urn:ietf:params:xml:ns:xmpp-session" /></stream:features>
SEND: <iq xmlns="jabber:client" id="agsXMPP_31" type="set" to="dormforce.net"><bind xmlns="urn:ietf:params:xml:ns:xmpp-bind"><resource>MiniClient</resource></bind></iq>
RECV: <iq xmlns="jabber:client" from="dormforce.net" to="dormforce.net/3fe942cf" type="result" id="agsXMPP_31"><bind xmlns="urn:ietf:params:xml:ns:xmpp-bind"><jid>test@dormforce.net/MiniClient</jid></bind></iq>
SEND: <iq xmlns="jabber:client" id="agsXMPP_32" type="set" to="dormforce.net"><session xmlns="urn:ietf:params:xml:ns:xmpp-session" /></iq>
RECV: <iq xmlns="jabber:client" from="dormforce.net" to="test@dormforce.net/MiniClient" type="result" id="agsXMPP_32"><session xmlns="urn:ietf:params:xml:ns:xmpp-session" /></iq>
SEND: <iq xmlns="jabber:client" id="agsXMPP_35" type="get" to="dormforce.net"><query xmlns="http://jabber.org/protocol/disco#items" /></iq>
SEND: <iq xmlns="jabber:client" id="agsXMPP_33" type="get" to="dormforce.net"><query xmlns="jabber:iq:agents" /></iq>
SEND: <iq xmlns="jabber:client" id="agsXMPP_34" type="get"><query xmlns="jabber:iq:roster" /></iq>
RECV: <iq xmlns="jabber:client" from="dormforce.net" to="test@dormforce.net/MiniClient" type="error" id="agsXMPP_33"><query xmlns="jabber:iq:agents" /><error code="501" type="cancel"><feature-not-implemented xmlns="urn:ietf:params:xml:ns:xmpp-stanzas" /></error></iq>
RECV: <iq xmlns="jabber:client" to="test@dormforce.net/MiniClient" type="result" id="agsXMPP_34"><query xmlns="jabber:iq:roster"><item name="BlueF" jid="kill889@gmail.com" subscription="both"><group>好友</group></item><item name="小blue" jid="bluef@dormforce.net" subscription="both"><group>好友</group></item><item jid="sonic@dormforce.net" subscription="both" /></query></iq>
SEND: <presence xmlns="jabber:client"><status /><priority>10</priority></presence>
SEND: <presence xmlns="jabber:client"><status /><priority>10</priority></presence>
RECV: <iq xmlns="jabber:client" from="dormforce.net" to="test@dormforce.net/MiniClient" type="result" id="agsXMPP_35"><query xmlns="http://jabber.org/protocol/disco#items"><item name="Publish-Subscribe service" jid="pubsub.dormforce.net" /><item name="公共房间" jid="groups.dormforce.net" /><item name="Socks 5 Bytestreams Proxy" jid="proxy.dormforce.net" /><item name="User Search" jid="search.dormforce.net" /><item name="Broadcast service" jid="broadcast.dormforce.net" /></query></iq>
SEND: <iq xmlns="jabber:client" id="agsXMPP_36" type="get" to="pubsub.dormforce.net"><query xmlns="http://jabber.org/protocol/disco#info" /></iq>
SEND: <iq xmlns="jabber:client" id="agsXMPP_37" type="get" to="groups.dormforce.net"><query xmlns="http://jabber.org/protocol/disco#info" /></iq>
SEND: <iq xmlns="jabber:client" id="agsXMPP_38" type="get" to="proxy.dormforce.net"><query xmlns="http://jabber.org/protocol/disco#info" /></iq>
SEND: <iq xmlns="jabber:client" id="agsXMPP_39" type="get" to="search.dormforce.net"><query xmlns="http://jabber.org/protocol/disco#info" /></iq>
SEND: <iq xmlns="jabber:client" id="agsXMPP_40" type="get" to="broadcast.dormforce.net"><query xmlns="http://jabber.org/protocol/disco#info" /></iq>
RECV: <iq xmlns="jabber:client" from="pubsub.dormforce.net" to="test@dormforce.net/MiniClient" type="result" id="agsXMPP_36"><query xmlns="http://jabber.org/protocol/disco#info"><identity name="Publish-Subscribe service" category="pubsub" type="service" /><feature var="http://jabber.org/protocol/pubsub" /><feature var="http://jabber.org/protocol/pubsub#collections" /><feature var="http://jabber.org/protocol/pubsub#config-node" /><feature var="http://jabber.org/protocol/pubsub#create-and-configure" /><feature var="http://jabber.org/protocol/pubsub#create-nodes" /><feature var="http://jabber.org/protocol/pubsub#delete-nodes" /><feature var="http://jabber.org/protocol/pubsub#get-pending" /><feature var="http://jabber.org/protocol/pubsub#instant-nodes" /><feature var="http://jabber.org/protocol/pubsub#item-ids" /><feature var="http://jabber.org/protocol/pubsub#meta-data" /><feature var="http://jabber.org/protocol/pubsub#modify-affiliations" /><feature var="http://jabber.org/protocol/pubsub#manage-subscriptions" /><feature var="http://jabber.org/protocol/pubsub#multi-subscribe" /><feature var="http://jabber.org/protocol/pubsub#outcast-affiliation" /><feature var="http://jabber.org/protocol/pubsub#persistent-items" /><feature var="http://jabber.org/protocol/pubsub#presence-notifications" /><feature var="http://jabber.org/protocol/pubsub#publish" /><feature var="http://jabber.org/protocol/pubsub#publisher-affiliation" /><feature var="http://jabber.org/protocol/pubsub#purge-nodes" /><feature var="http://jabber.org/protocol/pubsub#retract-items" /><feature var="http://jabber.org/protocol/pubsub#retrieve-affiliations" /><feature var="http://jabber.org/protocol/pubsub#retrieve-default" /><feature var="http://jabber.org/protocol/pubsub#retrieve-items" /><feature var="http://jabber.org/protocol/pubsub#retrieve-subscriptions" /><feature var="http://jabber.org/protocol/pubsub#subscribe" /><feature var="http://jabber.org/protocol/pubsub#subscription-options" /><feature var="http://jabber.org/protocol/pubsub#default_access_model_open" /><feature var="http://jabber.org/protocol/disco#info" /></query></iq>
RECV: <iq xmlns="jabber:client" from="groups.dormforce.net" to="test@dormforce.net/MiniClient" type="result" id="agsXMPP_37"><query xmlns="http://jabber.org/protocol/disco#info"><identity name="Public Chatrooms" category="conference" type="text" /><identity name="Public Chatroom Search" category="directory" type="chatroom" /><feature var="http://jabber.org/protocol/muc" /><feature var="http://jabber.org/protocol/disco#info" /><feature var="http://jabber.org/protocol/disco#items" /><feature var="jabber:iq:search" /><feature var="http://jabber.org/protocol/rsm" /></query></iq>
RECV: <iq xmlns="jabber:client" from="proxy.dormforce.net" to="test@dormforce.net/MiniClient" type="result" id="agsXMPP_38"><query xmlns="http://jabber.org/protocol/disco#info"><identity name="SOCKS5 Bytestreams Service" category="proxy" type="bytestreams" /><feature var="http://jabber.org/protocol/bytestreams" /><feature var="http://jabber.org/protocol/disco#info" /></query></iq>
RECV: <iq xmlns="jabber:client" from="search.dormforce.net" to="test@dormforce.net/MiniClient" type="result" id="agsXMPP_39"><query xmlns="http://jabber.org/protocol/disco#info"><identity name="User Search" category="directory" type="user" /><feature var="jabber:iq:search" /><feature var="http://jabber.org/protocol/disco#info" /><feature var="http://jabber.org/protocol/rsm" /></query></iq>
RECV: <iq xmlns="jabber:client" from="broadcast.dormforce.net" to="test@dormforce.net/MiniClient" type="result" id="agsXMPP_40"><query xmlns="http://jabber.org/protocol/disco#info"><identity name="Broadcast service" category="component" type="generic" /><feature var="http://jabber.org/protocol/disco#info" /><feature var="http://jabber.org/protocol/disco#items" /></query></iq>
RECV: <message xmlns="jabber:client" from="bluef@dormforce.net" to="test@dormforce.net/MiniClient" id="bluef@dormforce.net__test@dormforce.net__cdN4W"><event xmlns="http://jabber.org/protocol/pubsub#event"><item node="http://jabber.org/protocol/tune"><item id="current"><tune xmlns="http://jabber.org/protocol/tune">
<title>Lenka - Like A Song</title>
<length>202</length>
</tune></item></item></event><x xmlns="jabber:x:delay" stamp="2008-10-10T04:41:24.061Z" /><addresses xmlns="http://jabber.org/protocol/address"><address type="replyto" jid="bluef@dormforce.net/BlueF-PC" /></addresses></message>
RECV: <message xmlns="jabber:client" from="sonic@dormforce.net" to="test@dormforce.net/MiniClient" id="sonic@dormforce.net__test@dormforce.net__01rAz"><event xmlns="http://jabber.org/protocol/pubsub#event"><item node="http://jabber.org/protocol/tune"><item id="8vc7152nizSt0cR"><tune xmlns="http://jabber.org/protocol/tune" /></item></item></event><x xmlns="jabber:x:delay" stamp="2008-11-01T20:04:02.954Z" /><addresses xmlns="http://jabber.org/protocol/address"><address type="replyto" jid="sonic@dormforce.net/Home" /></addresses></message>
RECV: <presence xmlns="jabber:client" from="bluef@dormforce.net/NUT2" to="test@dormforce.net/MiniClient">
  
  <status>XMPP测试中,请勿给我发信息...</status>
  <priority>10</priority>
</presence>
RECV: <presence xmlns="jabber:client" from="kill889@gmail.com/Talk.v104C152CA68" to="test@dormforce.net/MiniClient"><priority>24</priority><c xmlns="http://jabber.org/protocol/caps" ext="share-v1 voice-v1" ver="1.0.0.104" node="http://www.google.com/xmpp/client/caps" /><x xmlns="jabber:x:delay" stamp="20081102T04:56:13" /><status /><show>dnd</show><x xmlns="vcard-temp:x:update"><photo>03d99c4d7d9b94a6f97dfba54d9fd05c8f098d88</photo></x></presence>
RECV: <presence xmlns="jabber:client" from="bluef@dormforce.net/NUT2" to="test@dormforce.net/NetUnion Talk" type="unavailable" />
SEND:  
SEND:  
SEND:  
SEND:  
RECV: <presence xmlns="jabber:client" from="bluef@dormforce.net/NUT2" to="test@dormforce.net/NetUnion Talk" />
RECV: <presence xmlns="jabber:client" from="bluef@dormforce.net/NUT2" to="test@dormforce.net/NetUnion Talk">
  
  <status>XMPP测试中,请勿给我发信息...</status>
  <priority>10</priority>
</presence>
SEND: </stream:stream>
RECV: </stream:stream>
SEND: <stream:stream to='dormforce.net' xmlns='jabber:client' xmlns:stream='http://etherx.jabber.org/streams' version='1.0' xml:lang='en'>
RECV: <stream:stream xmlns:stream="http://etherx.jabber.org/streams" from="dormforce.net" version="1.0" xml:lang="en" id="ae685842" >
RECV: <stream:features xmlns:stream="http://etherx.jabber.org/streams"><mechanisms xmlns="urn:ietf:params:xml:ns:xmpp-sasl"><mechanism>PLAIN</mechanism><mechanism>CRAM-MD5</mechanism><mechanism>DIGEST-MD5</mechanism></mechanisms><compression xmlns="http://jabber.org/features/compress"><method>zlib</method></compression><auth xmlns="http://jabber.org/features/iq-auth" /></stream:features>
SEND: <auth xmlns="urn:ietf:params:xml:ns:xmpp-sasl" mechanism="DIGEST-MD5" />
RECV: <challenge xmlns="urn:ietf:params:xml:ns:xmpp-sasl">cmVhbG09ImRvcm1mb3JjZS5uZXQiLG5vbmNlPSJPQ1gyWCtDWXRnZGNvMS95MWovRUQ1b2Y0R2d2eVM1a3RKRHlHV2Z5Iixxb3A9ImF1dGgiLGNoYXJzZXQ9InV0Zi04IixhbGdvcml0aG09Im1kNS1zZXNzIg==</challenge>
SEND: <response xmlns="urn:ietf:params:xml:ns:xmpp-sasl">dXNlcm5hbWU9InRlc3QiLHJlYWxtPSJkb3JtZm9yY2UubmV0Iixub25jZT0iT0NYMlgrQ1l0Z2RjbzEveTFqL0VENW9mNEdndnlTNWt0SkR5R1dmeSIsY25vbmNlPSJhODI5MDFkMDMyYzYwN2YwZThhYzJjMGY0MzgxY2FmMWRiZWI3NDRjYTkwNTFjN2RiMWMwNDAxMTY2MzNjZjY1IixuYz0wMDAwMDAwMSxxb3A9YXV0aCxkaWdlc3QtdXJpPSJ4bXBwL2Rvcm1mb3JjZS5uZXQiLGNoYXJzZXQ9dXRmLTgscmVzcG9uc2U9Yzc3MjQwNTViMzA1ZDllNmFmZmJmNGYyY2E4ODY4ZmM=</response>
RECV: <success xmlns="urn:ietf:params:xml:ns:xmpp-sasl">cnNwYXV0aD0wMzlkMDhjNTE0ZmNlZjIwNDdiZjhmZDI5YmJkZGQ4Zg==</success>
SEND: <stream:stream to='dormforce.net' xmlns='jabber:client' xmlns:stream='http://etherx.jabber.org/streams' version='1.0' xml:lang='en'>
RECV: <stream:stream xmlns:stream="http://etherx.jabber.org/streams" from="dormforce.net" version="1.0" xml:lang="en" id="ae685842" >
RECV: <stream:features xmlns:stream="http://etherx.jabber.org/streams"><compression xmlns="http://jabber.org/features/compress"><method>zlib</method></compression><bind xmlns="urn:ietf:params:xml:ns:xmpp-bind" /><session xmlns="urn:ietf:params:xml:ns:xmpp-session" /></stream:features>
SEND: <iq xmlns="jabber:client" id="agsXMPP_41" type="set" to="dormforce.net"><bind xmlns="urn:ietf:params:xml:ns:xmpp-bind"><resource>MiniClient</resource></bind></iq>
RECV: <iq xmlns="jabber:client" from="dormforce.net" to="dormforce.net/ae685842" type="result" id="agsXMPP_41"><bind xmlns="urn:ietf:params:xml:ns:xmpp-bind"><jid>test@dormforce.net/MiniClient</jid></bind></iq>
SEND: <iq xmlns="jabber:client" id="agsXMPP_42" type="set" to="dormforce.net"><session xmlns="urn:ietf:params:xml:ns:xmpp-session" /></iq>
RECV: <iq xmlns="jabber:client" from="dormforce.net" to="test@dormforce.net/MiniClient" type="result" id="agsXMPP_42"><session xmlns="urn:ietf:params:xml:ns:xmpp-session" /></iq>
SEND: <iq xmlns="jabber:client" id="agsXMPP_45" type="get" to="dormforce.net"><query xmlns="http://jabber.org/protocol/disco#items" /></iq>
SEND: <iq xmlns="jabber:client" id="agsXMPP_43" type="get" to="dormforce.net"><query xmlns="jabber:iq:agents" /></iq>
SEND: <iq xmlns="jabber:client" id="agsXMPP_44" type="get"><query xmlns="jabber:iq:roster" /></iq>
RECV: <iq xmlns="jabber:client" from="dormforce.net" to="test@dormforce.net/MiniClient" type="error" id="agsXMPP_43"><query xmlns="jabber:iq:agents" /><error code="501" type="cancel"><feature-not-implemented xmlns="urn:ietf:params:xml:ns:xmpp-stanzas" /></error></iq>
RECV: <iq xmlns="jabber:client" to="test@dormforce.net/MiniClient" type="result" id="agsXMPP_44"><query xmlns="jabber:iq:roster"><item name="BlueF" jid="kill889@gmail.com" subscription="both"><group>好友</group></item><item name="小blue" jid="bluef@dormforce.net" subscription="both"><group>好友</group></item><item jid="sonic@dormforce.net" subscription="both" /></query></iq>
SEND: <presence xmlns="jabber:client"><status /><priority>10</priority></presence>
SEND: <presence xmlns="jabber:client"><status /><priority>10</priority></presence>
RECV: <iq xmlns="jabber:client" from="dormforce.net" to="test@dormforce.net/MiniClient" type="result" id="agsXMPP_45"><query xmlns="http://jabber.org/protocol/disco#items"><item name="Publish-Subscribe service" jid="pubsub.dormforce.net" /><item name="公共房间" jid="groups.dormforce.net" /><item name="Socks 5 Bytestreams Proxy" jid="proxy.dormforce.net" /><item name="User Search" jid="search.dormforce.net" /><item name="Broadcast service" jid="broadcast.dormforce.net" /></query></iq>
SEND: <iq xmlns="jabber:client" id="agsXMPP_46" type="get" to="pubsub.dormforce.net"><query xmlns="http://jabber.org/protocol/disco#info" /></iq>
SEND: <iq xmlns="jabber:client" id="agsXMPP_47" type="get" to="groups.dormforce.net"><query xmlns="http://jabber.org/protocol/disco#info" /></iq>
SEND: <iq xmlns="jabber:client" id="agsXMPP_48" type="get" to="proxy.dormforce.net"><query xmlns="http://jabber.org/protocol/disco#info" /></iq>
SEND: <iq xmlns="jabber:client" id="agsXMPP_49" type="get" to="search.dormforce.net"><query xmlns="http://jabber.org/protocol/disco#info" /></iq>
SEND: <iq xmlns="jabber:client" id="agsXMPP_50" type="get" to="broadcast.dormforce.net"><query xmlns="http://jabber.org/protocol/disco#info" /></iq>
RECV: <iq xmlns="jabber:client" from="pubsub.dormforce.net" to="test@dormforce.net/MiniClient" type="result" id="agsXMPP_46"><query xmlns="http://jabber.org/protocol/disco#info"><identity name="Publish-Subscribe service" category="pubsub" type="service" /><feature var="http://jabber.org/protocol/pubsub" /><feature var="http://jabber.org/protocol/pubsub#collections" /><feature var="http://jabber.org/protocol/pubsub#config-node" /><feature var="http://jabber.org/protocol/pubsub#create-and-configure" /><feature var="http://jabber.org/protocol/pubsub#create-nodes" /><feature var="http://jabber.org/protocol/pubsub#delete-nodes" /><feature var="http://jabber.org/protocol/pubsub#get-pending" /><feature var="http://jabber.org/protocol/pubsub#instant-nodes" /><feature var="http://jabber.org/protocol/pubsub#item-ids" /><feature var="http://jabber.org/protocol/pubsub#meta-data" /><feature var="http://jabber.org/protocol/pubsub#modify-affiliations" /><feature var="http://jabber.org/protocol/pubsub#manage-subscriptions" /><feature var="http://jabber.org/protocol/pubsub#multi-subscribe" /><feature var="http://jabber.org/protocol/pubsub#outcast-affiliation" /><feature var="http://jabber.org/protocol/pubsub#persistent-items" /><feature var="http://jabber.org/protocol/pubsub#presence-notifications" /><feature var="http://jabber.org/protocol/pubsub#publish" /><feature var="http://jabber.org/protocol/pubsub#publisher-affiliation" /><feature var="http://jabber.org/protocol/pubsub#purge-nodes" /><feature var="http://jabber.org/protocol/pubsub#retract-items" /><feature var="http://jabber.org/protocol/pubsub#retrieve-affiliations" /><feature var="http://jabber.org/protocol/pubsub#retrieve-default" /><feature var="http://jabber.org/protocol/pubsub#retrieve-items" /><feature var="http://jabber.org/protocol/pubsub#retrieve-subscriptions" /><feature var="http://jabber.org/protocol/pubsub#subscribe" /><feature var="http://jabber.org/protocol/pubsub#subscription-options" /><feature var="http://jabber.org/protocol/pubsub#default_access_model_open" /><feature var="http://jabber.org/protocol/disco#info" /></query></iq>
RECV: <iq xmlns="jabber:client" from="groups.dormforce.net" to="test@dormforce.net/MiniClient" type="result" id="agsXMPP_47"><query xmlns="http://jabber.org/protocol/disco#info"><identity name="Public Chatrooms" category="conference" type="text" /><identity name="Public Chatroom Search" category="directory" type="chatroom" /><feature var="http://jabber.org/protocol/muc" /><feature var="http://jabber.org/protocol/disco#info" /><feature var="http://jabber.org/protocol/disco#items" /><feature var="jabber:iq:search" /><feature var="http://jabber.org/protocol/rsm" /></query></iq>
RECV: <iq xmlns="jabber:client" from="proxy.dormforce.net" to="test@dormforce.net/MiniClient" type="result" id="agsXMPP_48"><query xmlns="http://jabber.org/protocol/disco#info"><identity name="SOCKS5 Bytestreams Service" category="proxy" type="bytestreams" /><feature var="http://jabber.org/protocol/bytestreams" /><feature var="http://jabber.org/protocol/disco#info" /></query></iq>
RECV: <iq xmlns="jabber:client" from="search.dormforce.net" to="test@dormforce.net/MiniClient" type="result" id="agsXMPP_49"><query xmlns="http://jabber.org/protocol/disco#info"><identity name="User Search" category="directory" type="user" /><feature var="jabber:iq:search" /><feature var="http://jabber.org/protocol/disco#info" /><feature var="http://jabber.org/protocol/rsm" /></query></iq>
RECV: <iq xmlns="jabber:client" from="broadcast.dormforce.net" to="test@dormforce.net/MiniClient" type="result" id="agsXMPP_50"><query xmlns="http://jabber.org/protocol/disco#info"><identity name="Broadcast service" category="component" type="generic" /><feature var="http://jabber.org/protocol/disco#info" /><feature var="http://jabber.org/protocol/disco#items" /></query></iq>
RECV: <presence xmlns="jabber:client" from="bluef@dormforce.net/NUT2" to="test@dormforce.net/MiniClient">
  
  <status>XMPP测试中,请勿给我发信息...</status>
  <priority>10</priority>
</presence>
RECV: <message xmlns="jabber:client" from="bluef@dormforce.net" to="test@dormforce.net/MiniClient" id="bluef@dormforce.net__test@dormforce.net__9rTz1"><event xmlns="http://jabber.org/protocol/pubsub#event"><item node="http://jabber.org/protocol/tune"><item id="current"><tune xmlns="http://jabber.org/protocol/tune">
<title>Lenka - Like A Song</title>
<length>202</length>
</tune></item></item></event><x xmlns="jabber:x:delay" stamp="2008-10-10T04:41:24.061Z" /><addresses xmlns="http://jabber.org/protocol/address"><address type="replyto" jid="bluef@dormforce.net/BlueF-PC" /></addresses></message>
RECV: <message xmlns="jabber:client" from="sonic@dormforce.net" to="test@dormforce.net/MiniClient" id="sonic@dormforce.net__test@dormforce.net__7JfjA"><event xmlns="http://jabber.org/protocol/pubsub#event"><item node="http://jabber.org/protocol/tune"><item id="8vc7152nizSt0cR"><tune xmlns="http://jabber.org/protocol/tune" /></item></item></event><x xmlns="jabber:x:delay" stamp="2008-11-01T20:04:02.954Z" /><addresses xmlns="http://jabber.org/protocol/address"><address type="replyto" jid="sonic@dormforce.net/Home" /></addresses></message>
RECV: <presence xmlns="jabber:client" from="kill889@gmail.com/Talk.v104C152CA68" to="test@dormforce.net/MiniClient"><priority>24</priority><c xmlns="http://jabber.org/protocol/caps" ext="share-v1 voice-v1" ver="1.0.0.104" node="http://www.google.com/xmpp/client/caps" /><x xmlns="jabber:x:delay" stamp="20081102T04:56:13" /><status /><show>dnd</show><x xmlns="vcard-temp:x:update"><photo>03d99c4d7d9b94a6f97dfba54d9fd05c8f098d88</photo></x></presence>
RECV: <message xmlns="jabber:client" from="bluef@dormforce.net/NUT2" to="test@dormforce.net" type="chat">
  <body>r</body>
</message>
SEND:  
RECV: <presence xmlns="jabber:client" from="bluef@dormforce.net/NUT2" to="test@dormforce.net/NetUnion Talk" type="unavailable" />
SEND:  
SEND:  
SEND: </stream:stream>
RECV: </stream:stream>
SEND: <stream:stream to='dormforce.net' xmlns='jabber:client' xmlns:stream='http://etherx.jabber.org/streams' version='1.0' xml:lang='en'>
RECV: <stream:stream xmlns:stream="http://etherx.jabber.org/streams" from="dormforce.net" version="1.0" xml:lang="en" id="6b1f534b" >
RECV: <stream:features xmlns:stream="http://etherx.jabber.org/streams"><mechanisms xmlns="urn:ietf:params:xml:ns:xmpp-sasl"><mechanism>PLAIN</mechanism><mechanism>CRAM-MD5</mechanism><mechanism>DIGEST-MD5</mechanism></mechanisms><compression xmlns="http://jabber.org/features/compress"><method>zlib</method></compression><auth xmlns="http://jabber.org/features/iq-auth" /></stream:features>
SEND: <auth xmlns="urn:ietf:params:xml:ns:xmpp-sasl" mechanism="DIGEST-MD5" />
RECV: <challenge xmlns="urn:ietf:params:xml:ns:xmpp-sasl">cmVhbG09ImRvcm1mb3JjZS5uZXQiLG5vbmNlPSJnbVYwbW9iNVFRbFV5R1hKdmJDelRPRzJlSk1samxpRWJ1c2NOeXNOIixxb3A9ImF1dGgiLGNoYXJzZXQ9InV0Zi04IixhbGdvcml0aG09Im1kNS1zZXNzIg==</challenge>
SEND: <response xmlns="urn:ietf:params:xml:ns:xmpp-sasl">dXNlcm5hbWU9InRlc3QiLHJlYWxtPSJkb3JtZm9yY2UubmV0Iixub25jZT0iZ21WMG1vYjVRUWxVeUdYSnZiQ3pUT0cyZUpNbGpsaUVidXNjTnlzTiIsY25vbmNlPSI3ODQ5MDE4YWM4NmQ1MjEyNjkwNDI0NTA1NTk3NjhmM2U1MzNmYmU3YTZlYmNkZmExNmFlMTIxZWZjOGM4YzdkIixuYz0wMDAwMDAwMSxxb3A9YXV0aCxkaWdlc3QtdXJpPSJ4bXBwL2Rvcm1mb3JjZS5uZXQiLGNoYXJzZXQ9dXRmLTgscmVzcG9uc2U9ZGY0ZGU3ZmU1YTVlMDc2YmU4MjY1NDhiYzkxZGE5YzQ=</response>
RECV: <success xmlns="urn:ietf:params:xml:ns:xmpp-sasl">cnNwYXV0aD1jZTU4OWNlMjhmN2MxZDgzNThlZTE2NGNiNzEyODA2YQ==</success>
SEND: <stream:stream to='dormforce.net' xmlns='jabber:client' xmlns:stream='http://etherx.jabber.org/streams' version='1.0' xml:lang='en'>
RECV: <stream:stream xmlns:stream="http://etherx.jabber.org/streams" from="dormforce.net" version="1.0" xml:lang="en" id="6b1f534b" >
RECV: <stream:features xmlns:stream="http://etherx.jabber.org/streams"><compression xmlns="http://jabber.org/features/compress"><method>zlib</method></compression><bind xmlns="urn:ietf:params:xml:ns:xmpp-bind" /><session xmlns="urn:ietf:params:xml:ns:xmpp-session" /></stream:features>
SEND: <iq xmlns="jabber:client" id="agsXMPP_51" type="set" to="dormforce.net"><bind xmlns="urn:ietf:params:xml:ns:xmpp-bind"><resource>MiniClient</resource></bind></iq>
RECV: <iq xmlns="jabber:client" from="dormforce.net" to="dormforce.net/6b1f534b" type="result" id="agsXMPP_51"><bind xmlns="urn:ietf:params:xml:ns:xmpp-bind"><jid>test@dormforce.net/MiniClient</jid></bind></iq>
SEND: <iq xmlns="jabber:client" id="agsXMPP_52" type="set" to="dormforce.net"><session xmlns="urn:ietf:params:xml:ns:xmpp-session" /></iq>
RECV: <iq xmlns="jabber:client" from="dormforce.net" to="test@dormforce.net/MiniClient" type="result" id="agsXMPP_52"><session xmlns="urn:ietf:params:xml:ns:xmpp-session" /></iq>
SEND: <iq xmlns="jabber:client" id="agsXMPP_55" type="get" to="dormforce.net"><query xmlns="http://jabber.org/protocol/disco#items" /></iq>
SEND: <iq xmlns="jabber:client" id="agsXMPP_53" type="get" to="dormforce.net"><query xmlns="jabber:iq:agents" /></iq>
SEND: <iq xmlns="jabber:client" id="agsXMPP_54" type="get"><query xmlns="jabber:iq:roster" /></iq>
RECV: <iq xmlns="jabber:client" from="dormforce.net" to="test@dormforce.net/MiniClient" type="error" id="agsXMPP_53"><query xmlns="jabber:iq:agents" /><error code="501" type="cancel"><feature-not-implemented xmlns="urn:ietf:params:xml:ns:xmpp-stanzas" /></error></iq>
RECV: <iq xmlns="jabber:client" to="test@dormforce.net/MiniClient" type="result" id="agsXMPP_54"><query xmlns="jabber:iq:roster"><item name="BlueF" jid="kill889@gmail.com" subscription="both"><group>好友</group></item><item name="小blue" jid="bluef@dormforce.net" subscription="both"><group>好友</group></item><item jid="sonic@dormforce.net" subscription="both" /></query></iq>
SEND: <presence xmlns="jabber:client"><status /><priority>10</priority></presence>
SEND: <presence xmlns="jabber:client"><status /><priority>10</priority></presence>
RECV: <iq xmlns="jabber:client" from="dormforce.net" to="test@dormforce.net/MiniClient" type="result" id="agsXMPP_55"><query xmlns="http://jabber.org/protocol/disco#items"><item name="Publish-Subscribe service" jid="pubsub.dormforce.net" /><item name="公共房间" jid="groups.dormforce.net" /><item name="Socks 5 Bytestreams Proxy" jid="proxy.dormforce.net" /><item name="User Search" jid="search.dormforce.net" /><item name="Broadcast service" jid="broadcast.dormforce.net" /></query></iq>
SEND: <iq xmlns="jabber:client" id="agsXMPP_56" type="get" to="pubsub.dormforce.net"><query xmlns="http://jabber.org/protocol/disco#info" /></iq>
SEND: <iq xmlns="jabber:client" id="agsXMPP_57" type="get" to="groups.dormforce.net"><query xmlns="http://jabber.org/protocol/disco#info" /></iq>
SEND: <iq xmlns="jabber:client" id="agsXMPP_58" type="get" to="proxy.dormforce.net"><query xmlns="http://jabber.org/protocol/disco#info" /></iq>
SEND: <iq xmlns="jabber:client" id="agsXMPP_59" type="get" to="search.dormforce.net"><query xmlns="http://jabber.org/protocol/disco#info" /></iq>
SEND: <iq xmlns="jabber:client" id="agsXMPP_60" type="get" to="broadcast.dormforce.net"><query xmlns="http://jabber.org/protocol/disco#info" /></iq>
RECV: <iq xmlns="jabber:client" from="pubsub.dormforce.net" to="test@dormforce.net/MiniClient" type="result" id="agsXMPP_56"><query xmlns="http://jabber.org/protocol/disco#info"><identity name="Publish-Subscribe service" category="pubsub" type="service" /><feature var="http://jabber.org/protocol/pubsub" /><feature var="http://jabber.org/protocol/pubsub#collections" /><feature var="http://jabber.org/protocol/pubsub#config-node" /><feature var="http://jabber.org/protocol/pubsub#create-and-configure" /><feature var="http://jabber.org/protocol/pubsub#create-nodes" /><feature var="http://jabber.org/protocol/pubsub#delete-nodes" /><feature var="http://jabber.org/protocol/pubsub#get-pending" /><feature var="http://jabber.org/protocol/pubsub#instant-nodes" /><feature var="http://jabber.org/protocol/pubsub#item-ids" /><feature var="http://jabber.org/protocol/pubsub#meta-data" /><feature var="http://jabber.org/protocol/pubsub#modify-affiliations" /><feature var="http://jabber.org/protocol/pubsub#manage-subscriptions" /><feature var="http://jabber.org/protocol/pubsub#multi-subscribe" /><feature var="http://jabber.org/protocol/pubsub#outcast-affiliation" /><feature var="http://jabber.org/protocol/pubsub#persistent-items" /><feature var="http://jabber.org/protocol/pubsub#presence-notifications" /><feature var="http://jabber.org/protocol/pubsub#publish" /><feature var="http://jabber.org/protocol/pubsub#publisher-affiliation" /><feature var="http://jabber.org/protocol/pubsub#purge-nodes" /><feature var="http://jabber.org/protocol/pubsub#retract-items" /><feature var="http://jabber.org/protocol/pubsub#retrieve-affiliations" /><feature var="http://jabber.org/protocol/pubsub#retrieve-default" /><feature var="http://jabber.org/protocol/pubsub#retrieve-items" /><feature var="http://jabber.org/protocol/pubsub#retrieve-subscriptions" /><feature var="http://jabber.org/protocol/pubsub#subscribe" /><feature var="http://jabber.org/protocol/pubsub#subscription-options" /><feature var="http://jabber.org/protocol/pubsub#default_access_model_open" /><feature var="http://jabber.org/protocol/disco#info" /></query></iq>
RECV: <iq xmlns="jabber:client" from="groups.dormforce.net" to="test@dormforce.net/MiniClient" type="result" id="agsXMPP_57"><query xmlns="http://jabber.org/protocol/disco#info"><identity name="Public Chatrooms" category="conference" type="text" /><identity name="Public Chatroom Search" category="directory" type="chatroom" /><feature var="http://jabber.org/protocol/muc" /><feature var="http://jabber.org/protocol/disco#info" /><feature var="http://jabber.org/protocol/disco#items" /><feature var="jabber:iq:search" /><feature var="http://jabber.org/protocol/rsm" /></query></iq>
RECV: <iq xmlns="jabber:client" from="proxy.dormforce.net" to="test@dormforce.net/MiniClient" type="result" id="agsXMPP_58"><query xmlns="http://jabber.org/protocol/disco#info"><identity name="SOCKS5 Bytestreams Service" category="proxy" type="bytestreams" /><feature var="http://jabber.org/protocol/bytestreams" /><feature var="http://jabber.org/protocol/disco#info" /></query></iq>
RECV: <iq xmlns="jabber:client" from="search.dormforce.net" to="test@dormforce.net/MiniClient" type="result" id="agsXMPP_59"><query xmlns="http://jabber.org/protocol/disco#info"><identity name="User Search" category="directory" type="user" /><feature var="jabber:iq:search" /><feature var="http://jabber.org/protocol/disco#info" /><feature var="http://jabber.org/protocol/rsm" /></query></iq>
RECV: <iq xmlns="jabber:client" from="broadcast.dormforce.net" to="test@dormforce.net/MiniClient" type="result" id="agsXMPP_60"><query xmlns="http://jabber.org/protocol/disco#info"><identity name="Broadcast service" category="component" type="generic" /><feature var="http://jabber.org/protocol/disco#info" /><feature var="http://jabber.org/protocol/disco#items" /></query></iq>
RECV: <message xmlns="jabber:client" from="bluef@dormforce.net" to="test@dormforce.net/MiniClient" id="bluef@dormforce.net__test@dormforce.net__N4J0c"><event xmlns="http://jabber.org/protocol/pubsub#event"><item node="http://jabber.org/protocol/tune"><item id="current"><tune xmlns="http://jabber.org/protocol/tune">
<title>Lenka - Like A Song</title>
<length>202</length>
</tune></item></item></event><x xmlns="jabber:x:delay" stamp="2008-10-10T04:41:24.061Z" /><addresses xmlns="http://jabber.org/protocol/address"><address type="replyto" jid="bluef@dormforce.net/BlueF-PC" /></addresses></message>
RECV: <message xmlns="jabber:client" from="sonic@dormforce.net" to="test@dormforce.net/MiniClient" id="sonic@dormforce.net__test@dormforce.net__y8o8k"><event xmlns="http://jabber.org/protocol/pubsub#event"><item node="http://jabber.org/protocol/tune"><item id="8vc7152nizSt0cR"><tune xmlns="http://jabber.org/protocol/tune" /></item></item></event><x xmlns="jabber:x:delay" stamp="2008-11-01T20:04:02.954Z" /><addresses xmlns="http://jabber.org/protocol/address"><address type="replyto" jid="sonic@dormforce.net/Home" /></addresses></message>
RECV: <presence xmlns="jabber:client" from="kill889@gmail.com/Talk.v104C152CA68" to="test@dormforce.net/MiniClient"><priority>24</priority><c xmlns="http://jabber.org/protocol/caps" ext="share-v1 voice-v1" ver="1.0.0.104" node="http://www.google.com/xmpp/client/caps" /><x xmlns="jabber:x:delay" stamp="20081102T04:56:13" /><status /><show>dnd</show><x xmlns="vcard-temp:x:update"><photo>03d99c4d7d9b94a6f97dfba54d9fd05c8f098d88</photo></x></presence>
